2019-05-24 13:51:47 +0000  Initial pipeline context: <IDEDistributionProcessingPipelineContext: 0x7f937077a2e0; archive(resolved)='<IDEArchive: 0x7f936fc0d120>', distributionTask(resolved)='2', distributionDestination(resolved)='1', distributionMethod(resolved)='<IDEDistributionMethodDevelopmentSigned: 0x7f9359fb5750>', team(resolved)='<IDEProvisioningDisambiguatableBasicTeam: 0x7f936ede0360; teamID='TY3P9FA953', teamName='Walmart Canada Corp.', teamType='Company', username='gor.galstyan@walmart.com', isFreeProvisioningTeam='0'>'>
	Chain (12, self inclusive):
	<IDEDistributionProcessingPipelineContext: 0x7f937077a2e0; archive = '<IDEArchive: 0x7f936fc0d120>', distributionMethod='<IDEDistributionMethodDevelopmentSigned: 0x7f9359fb5750>', team='<IDEProvisioningDisambiguatableBasicTeam: 0x7f936ede0360; teamID='TY3P9FA953', teamName='Walmart Canada Corp.', teamType='Company', username='gor.galstyan@walmart.com', isFreeProvisioningTeam='0'>'>
	<IDEDistributionProcessingPipelineContext: 0x7f9370793aa0; archive = '<IDEArchive: 0x7f936fc0d120>', distributionMethod='<IDEDistributionMethodDevelopmentSigned: 0x7f9359fb5750>', team='<IDEProvisioningDisambiguatableBasicTeam: 0x7f936ede0360; teamID='TY3P9FA953', teamName='Walmart Canada Corp.', teamType='Company', username='gor.galstyan@walmart.com', isFreeProvisioningTeam='0'>'>
	<IDEDistributionContext: 0x7f93762239e0; archive = '<IDEArchive: 0x7f936fc0d120>', distributionMethod='<IDEDistributionMethodDevelopmentSigned: 0x7f9359fb5750>', team='<IDEProvisioningDisambiguatableBasicTeam: 0x7f936ede0360; teamID='TY3P9FA953', teamName='Walmart Canada Corp.', teamType='Company', username='gor.galstyan@walmart.com', isFreeProvisioningTeam='0'>'>
	<IDEDistributionContext: 0x7f937320e410; archive = '<IDEArchive: 0x7f936fc0d120>', distributionMethod='<IDEDistributionMethodDevelopmentSigned: 0x7f9359fb5750>', team='<IDEProvisioningDisambiguatableBasicTeam: 0x7f936ede0360; teamID='TY3P9FA953', teamName='Walmart Canada Corp.', teamType='Company', username='gor.galstyan@walmart.com', isFreeProvisioningTeam='0'>'>
	<IDEDistributionContext: 0x7f9373315c70; archive = '<IDEArchive: 0x7f936fc0d120>', distributionMethod='<IDEDistributionMethodDevelopmentSigned: 0x7f9359fb5750>', team='<IDEProvisioningDisambiguatableBasicTeam: 0x7f936ede0360; teamID='TY3P9FA953', teamName='Walmart Canada Corp.', teamType='Company', username='gor.galstyan@walmart.com', isFreeProvisioningTeam='0'>'>
	<IDEDistributionContext: 0x7f93704835e0; archive = '<IDEArchive: 0x7f936fc0d120>', distributionMethod='<IDEDistributionMethodDevelopmentSigned: 0x7f9359fb5750>', team='<IDEProvisioningDisambiguatableBasicTeam: 0x7f936ede0360; teamID='TY3P9FA953', teamName='Walmart Canada Corp.', teamType='Company', username='gor.galstyan@walmart.com', isFreeProvisioningTeam='0'>'>
	<IDEDistributionContext: 0x7f937049eb40; archive = '<IDEArchive: 0x7f936fc0d120>', distributionMethod='<IDEDistributionMethodDevelopmentSigned: 0x7f9359fb5750>', team='<IDEProvisioningDisambiguatableBasicTeam: 0x7f936ede0360; teamID='TY3P9FA953', teamName='Walmart Canada Corp.', teamType='Company', username='gor.galstyan@walmart.com', isFreeProvisioningTeam='0'>'>
	<IDEDistributionContext: 0x7f93704a09d0; archive = '<IDEArchive: 0x7f936fc0d120>', distributionMethod='<IDEDistributionMethodDevelopmentSigned: 0x7f9359fb5750>', team='<IDEProvisioningDisambiguatableBasicTeam: 0x7f936ede0360; teamID='TY3P9FA953', teamName='Walmart Canada Corp.', teamType='Company', username='gor.galstyan@walmart.com', isFreeProvisioningTeam='0'>'>
	<IDEDistributionContext: 0x7f9370705100; archive = '<IDEArchive: 0x7f936fc0d120>', distributionMethod='<IDEDistributionMethodDevelopmentSigned: 0x7f9359fb5750>', team='<IDEProvisioningDisambiguatableBasicTeam: 0x7f936ede0360; teamID='TY3P9FA953', teamName='Walmart Canada Corp.', teamType='Company', username='gor.galstyan@walmart.com', isFreeProvisioningTeam='0'>'>
	<IDEDistributionContext: 0x7f937074a3f0; archive = '<IDEArchive: 0x7f936fc0d120>', distributionMethod='<IDEDistributionMethodDevelopmentSigned: 0x7f9359fb5750>', team='(null)'>
	<IDEDistributionContext: 0x7f9359ef3970; archive = '<IDEArchive: 0x7f936fc0d120>', distributionMethod='<IDEDistributionMethodDevelopmentSigned: 0x7f9359fb5750>', team='(null)'>
	<IDEDistributionContext: 0x7f936e8b74c0; archive = '<IDEArchive: 0x7f936fc0d120>', distributionMethod='(null)', team='(null)'>
</IDEDistributionProcessingPipelineContext: 0x7f937077a2e0>
2019-05-24 13:51:47 +0000  Processing step: IDEDistributionCreateDestRootStep
2019-05-24 13:51:47 +0000  Processing step: IDEDistributionCopyItemStep
2019-05-24 13:51:47 +0000  Running /usr/bin/ditto '-V' '/Users/g0g00o3/Library/Developer/Xcode/Archives/2019-05-24/CodeceptionXX 2019-05-24, 9.51 AM.xcarchive/Products/Applications/CodeceptionXX.app' '/var/folders/t9/jk7twnzj78vbvs95lkgpwn9d9668zb/T/XcodeDistPipeline.~~~e71b8J/Root/Payload/CodeceptionXX.app'
2019-05-24 13:51:47 +0000  >>> Copying /Users/g0g00o3/Library/Developer/Xcode/Archives/2019-05-24/CodeceptionXX 2019-05-24, 9.51 AM.xcarchive/Products/Applications/CodeceptionXX.app 
2019-05-24 13:51:47 +0000  copying file ./_CodeSignature/CodeResources ... 
2019-05-24 13:51:47 +0000  9337 bytes for ./_CodeSignature/CodeResources
2019-05-24 13:51:47 +0000  copying file ./Octicons.ttf ... 
2019-05-24 13:51:47 +0000  28364 bytes for ./Octicons.ttf
copying file ./Feather.ttf ... 
2019-05-24 13:51:47 +0000  65112 bytes for ./Feather.ttf
copying file ./Entypo.ttf ... 
2019-05-24 13:51:47 +0000  65584 bytes for ./Entypo.ttf
2019-05-24 13:51:47 +0000  copying file ./FontAwesome5_Brands.ttf ... 
2019-05-24 13:51:47 +0000  125016 bytes for ./FontAwesome5_Brands.ttf
copying file ./MaterialCommunityIcons.ttf ... 
2019-05-24 13:51:47 +0000  531476 bytes for ./MaterialCommunityIcons.ttf
copying file ./AppIcon60x60@2x.png ... 
2019-05-24 13:51:47 +0000  12688 bytes for ./AppIcon60x60@2x.png
copying file ./AntDesign.ttf ... 
2019-05-24 13:51:47 +0000  70344 bytes for ./AntDesign.ttf
copying file ./Foundation.ttf ... 
2019-05-24 13:51:47 +0000  56976 bytes for ./Foundation.ttf
2019-05-24 13:51:47 +0000  copying file ./Ionicons.ttf ... 
2019-05-24 13:51:47 +0000  112472 bytes for ./Ionicons.ttf
2019-05-24 13:51:47 +0000  copying file ./FontAwesome5_Solid.ttf ... 
2019-05-24 13:51:47 +0000  186228 bytes for ./FontAwesome5_Solid.ttf
copying file ./FontAwesome5_Regular.ttf ... 
2019-05-24 13:51:47 +0000  34092 bytes for ./FontAwesome5_Regular.ttf
2019-05-24 13:51:47 +0000  copying file ./Base.lproj/LaunchScreen.nib ... 
2019-05-24 13:51:47 +0000  3118 bytes for ./Base.lproj/LaunchScreen.nib
2019-05-24 13:51:47 +0000  copying file ./FontAwesome.ttf ... 
2019-05-24 13:51:47 +0000  165548 bytes for ./FontAwesome.ttf
2019-05-24 13:51:47 +0000  copying file ./Zocial.ttf ... 
2019-05-24 13:51:47 +0000  25552 bytes for ./Zocial.ttf
2019-05-24 13:51:47 +0000  copying file ./Assets.car ... 
2019-05-24 13:51:47 +0000  707544 bytes for ./Assets.car
2019-05-24 13:51:47 +0000  copying file ./EvilIcons.ttf ... 
2019-05-24 13:51:47 +0000  13456 bytes for ./EvilIcons.ttf
2019-05-24 13:51:47 +0000  copying file ./main.jsbundle ... 
2019-05-24 13:51:47 +0000  1817605 bytes for ./main.jsbundle
2019-05-24 13:51:47 +0000  copying file ./LaunchImage-700@2x.png ... 
2019-05-24 13:51:47 +0000  13711 bytes for ./LaunchImage-700@2x.png
2019-05-24 13:51:47 +0000  copying file ./LaunchImage-700-568h@2x.png ... 
2019-05-24 13:51:47 +0000  14394 bytes for ./LaunchImage-700-568h@2x.png
copying file ./SimpleLineIcons.ttf ... 
2019-05-24 13:51:47 +0000  54056 bytes for ./SimpleLineIcons.ttf
copying file ./embedded.mobileprovision ... 
2019-05-24 13:51:47 +0000  26814 bytes for ./embedded.mobileprovision
2019-05-24 13:51:47 +0000  copying file ./CodeceptionXX ... 
2019-05-24 13:51:47 +0000  13876224 bytes for ./CodeceptionXX
2019-05-24 13:51:47 +0000  copying file ./assets/res/iconSpark@3x.png ... 
1832 bytes for ./assets/res/iconSpark@3x.png
copying file ./assets/res/iconSpark@2x.png ... 
1207 bytes for ./assets/res/iconSpark@2x.png
copying file ./assets/res/iconSpark.png ... 
596 bytes for ./assets/res/iconSpark.png
copying file ./assets/node_modules/react-native-ratings/src/images/bell.png ... 
2019-05-24 13:51:47 +0000  2989 bytes for ./assets/node_modules/react-native-ratings/src/images/bell.png
copying file ./assets/node_modules/react-native-ratings/src/images/airbnb-star-selected.png ... 
2019-05-24 13:51:47 +0000  934 bytes for ./assets/node_modules/react-native-ratings/src/images/airbnb-star-selected.png
copying file ./assets/node_modules/react-native-ratings/src/images/heart.png ... 
2019-05-24 13:51:47 +0000  1928 bytes for ./assets/node_modules/react-native-ratings/src/images/heart.png
2019-05-24 13:51:47 +0000  copying file ./assets/node_modules/react-native-ratings/src/images/airbnb-star.png ... 
2019-05-24 13:51:47 +0000  930 bytes for ./assets/node_modules/react-native-ratings/src/images/airbnb-star.png
copying file ./assets/node_modules/react-native-ratings/src/images/rocket.png ... 
2019-05-24 13:51:47 +0000  4050 bytes for ./assets/node_modules/react-native-ratings/src/images/rocket.png
2019-05-24 13:51:47 +0000  copying file ./assets/node_modules/react-native-ratings/src/images/star.png ... 
2019-05-24 13:51:47 +0000  1961 bytes for ./assets/node_modules/react-native-ratings/src/images/star.png
2019-05-24 13:51:47 +0000  copying file ./Info.plist ... 
2019-05-24 13:51:47 +0000  2002 bytes for ./Info.plist
copying file ./PkgInfo ... 
2019-05-24 13:51:47 +0000  8 bytes for ./PkgInfo
copying file ./MaterialIcons.ttf ... 
2019-05-24 13:51:47 +0000  128180 bytes for ./MaterialIcons.ttf
2019-05-24 13:51:47 +0000  /usr/bin/ditto exited with 0
2019-05-24 13:51:47 +0000  Processing step: IDEDistributionEmbedProfileStep
2019-05-24 13:51:47 +0000  Processing step: IDEDistributionAppThinningPlistStep
2019-05-24 13:51:47 +0000  Skipping step: IDEDistributionAppThinningPlistStep because it said so
2019-05-24 13:51:47 +0000  Processing step: IDEDistributionCompileBitcodeStep
2019-05-24 13:51:47 +0000  Skipping step: IDEDistributionCompileBitcodeStep because it said so
2019-05-24 13:51:47 +0000  Processing step: IDEDistributionCodeSlimmingStep
2019-05-24 13:51:47 +0000  Processing step: IDEDistributionCopyBCSymbolMapsStep
2019-05-24 13:51:47 +0000  Skipping step: IDEDistributionCopyBCSymbolMapsStep because it said so
2019-05-24 13:51:47 +0000  Processing step: IDEDistributionSymbolsStep
2019-05-24 13:51:47 +0000  Skipping step: IDEDistributionSymbolsStep because it said so
2019-05-24 13:51:47 +0000  Processing step: IDEDistributionAppThinningStep
2019-05-24 13:51:47 +0000  Skipping step: IDEDistributionAppThinningStep because it said so
2019-05-24 13:51:47 +0000  Processing step: IDEDistributionArchThinningStep
2019-05-24 13:51:47 +0000  Running /Applications/Xcode.app/Contents/Developer/Toolchains/XcodeDefault.xctoolchain/usr/bin/lipo '/var/folders/t9/jk7twnzj78vbvs95lkgpwn9d9668zb/T/XcodeDistPipeline.~~~e71b8J/Root/Payload/CodeceptionXX.app/CodeceptionXX' '-verify_arch' 'arm64e'
2019-05-24 13:51:47 +0000  /Applications/Xcode.app/Contents/Developer/Toolchains/XcodeDefault.xctoolchain/usr/bin/lipo exited with 1
2019-05-24 13:51:47 +0000  Skipping architecture thinning for item "CodeceptionXX" because arch "arm64e" wasn't found
2019-05-24 13:51:47 +0000  Processing step: IDEDistributionODRStep
2019-05-24 13:51:47 +0000  Processing step: IDEDistributionStripXattrsStep
2019-05-24 13:51:47 +0000  Running /usr/bin/xattr '-crs' '/var/folders/t9/jk7twnzj78vbvs95lkgpwn9d9668zb/T/XcodeDistPipeline.~~~e71b8J/Root/Payload/CodeceptionXX.app'
2019-05-24 13:51:47 +0000  /usr/bin/xattr exited with 0
2019-05-24 13:51:47 +0000  Processing step: IDEDistributionCodesignStep
2019-05-24 13:51:47 +0000  Entitlements for <IDEDistributionItem: 0x7f93731b7fc0 'ca.walmart.gor.CodeceptionXX' '<DVTFilePath:0x7f936f8dbc30:'/Users/g0g00o3/Library/Developer/Xcode/Archives/2019-05-24/CodeceptionXX 2019-05-24, 9.51 AM.xcarchive/Products/Applications/CodeceptionXX.app'>'>: {
    "application-identifier" = "TY3P9FA953.ca.walmart.gor.CodeceptionXX";
    "com.apple.developer.team-identifier" = TY3P9FA953;
    "get-task-allow" = 1;
    "keychain-access-groups" =     (
        "TY3P9FA953.ca.walmart.gor.CodeceptionXX"
    );
}
2019-05-24 13:51:47 +0000  Writing entitlements for <IDEDistributionItem: 0x7f93731b7fc0 'ca.walmart.gor.CodeceptionXX' '<DVTFilePath:0x7f936f8dbc30:'/Users/g0g00o3/Library/Developer/Xcode/Archives/2019-05-24/CodeceptionXX 2019-05-24, 9.51 AM.xcarchive/Products/Applications/CodeceptionXX.app'>'> to: /var/folders/t9/jk7twnzj78vbvs95lkgpwn9d9668zb/T/XcodeDistPipeline.~~~e71b8J/entitlements~~~frTXO3
2019-05-24 13:51:47 +0000  Running /usr/bin/codesign '-vvv' '--force' '--sign' '0677208E30987C53D9E297B71ADF35BDF2ABD1A6' '--entitlements' '/var/folders/t9/jk7twnzj78vbvs95lkgpwn9d9668zb/T/XcodeDistPipeline.~~~e71b8J/entitlements~~~frTXO3' '--preserve-metadata=identifier,flags,runtime' '/var/folders/t9/jk7twnzj78vbvs95lkgpwn9d9668zb/T/XcodeDistPipeline.~~~e71b8J/Root/Payload/CodeceptionXX.app'
2019-05-24 13:51:47 +0000  /var/folders/t9/jk7twnzj78vbvs95lkgpwn9d9668zb/T/XcodeDistPipeline.~~~e71b8J/Root/Payload/CodeceptionXX.app: signed app bundle with Mach-O thin (arm64) [ca.walmart.gor.CodeceptionXX]
2019-05-24 13:51:47 +0000  /usr/bin/codesign exited with 0
2019-05-24 13:51:47 +0000  Processing step: IDEDistributionZipODRItemStep
2019-05-24 13:51:47 +0000  Skipping step: IDEDistributionZipODRItemStep because it said so
2019-05-24 13:51:47 +0000  Processing step: IDEDistributionCreateIPAStep
2019-05-24 13:51:47 +0000  Running /usr/bin/ditto '-V' '-c' '-k' '--norsrc' '/var/folders/t9/jk7twnzj78vbvs95lkgpwn9d9668zb/T/XcodeDistPipeline.~~~e71b8J/Root' '/var/folders/t9/jk7twnzj78vbvs95lkgpwn9d9668zb/T/XcodeDistPipeline.~~~e71b8J/Packages/CodeceptionXX.ipa'
2019-05-24 13:51:47 +0000  >>> Copying /var/folders/t9/jk7twnzj78vbvs95lkgpwn9d9668zb/T/XcodeDistPipeline.~~~e71b8J/Root 
2019-05-24 13:51:47 +0000  copying file ./Payload/CodeceptionXX.app/_CodeSignature/CodeResources ... 
2019-05-24 13:51:47 +0000  9337 bytes for ./Payload/CodeceptionXX.app/_CodeSignature/CodeResources
2019-05-24 13:51:47 +0000  copying file ./Payload/CodeceptionXX.app/Octicons.ttf ... 
2019-05-24 13:51:47 +0000  28364 bytes for ./Payload/CodeceptionXX.app/Octicons.ttf
copying file ./Payload/CodeceptionXX.app/Feather.ttf ... 
2019-05-24 13:51:47 +0000  65112 bytes for ./Payload/CodeceptionXX.app/Feather.ttf
copying file ./Payload/CodeceptionXX.app/Entypo.ttf ... 
2019-05-24 13:51:47 +0000  65584 bytes for ./Payload/CodeceptionXX.app/Entypo.ttf
copying file ./Payload/CodeceptionXX.app/FontAwesome5_Brands.ttf ... 
2019-05-24 13:51:47 +0000  125016 bytes for ./Payload/CodeceptionXX.app/FontAwesome5_Brands.ttf
copying file ./Payload/CodeceptionXX.app/MaterialCommunityIcons.ttf ... 
2019-05-24 13:51:47 +0000  531476 bytes for ./Payload/CodeceptionXX.app/MaterialCommunityIcons.ttf
copying file ./Payload/CodeceptionXX.app/AppIcon60x60@2x.png ... 
2019-05-24 13:51:47 +0000  12688 bytes for ./Payload/CodeceptionXX.app/AppIcon60x60@2x.png
copying file ./Payload/CodeceptionXX.app/AntDesign.ttf ... 
2019-05-24 13:51:47 +0000  70344 bytes for ./Payload/CodeceptionXX.app/AntDesign.ttf
copying file ./Payload/CodeceptionXX.app/Foundation.ttf ... 
2019-05-24 13:51:47 +0000  56976 bytes for ./Payload/CodeceptionXX.app/Foundation.ttf
copying file ./Payload/CodeceptionXX.app/Ionicons.ttf ... 
2019-05-24 13:51:47 +0000  112472 bytes for ./Payload/CodeceptionXX.app/Ionicons.ttf
copying file ./Payload/CodeceptionXX.app/FontAwesome5_Solid.ttf ... 
2019-05-24 13:51:47 +0000  186228 bytes for ./Payload/CodeceptionXX.app/FontAwesome5_Solid.ttf
copying file ./Payload/CodeceptionXX.app/FontAwesome5_Regular.ttf ... 
2019-05-24 13:51:47 +0000  34092 bytes for ./Payload/CodeceptionXX.app/FontAwesome5_Regular.ttf
2019-05-24 13:51:47 +0000  copying file ./Payload/CodeceptionXX.app/Base.lproj/LaunchScreen.nib ... 
2019-05-24 13:51:47 +0000  3118 bytes for ./Payload/CodeceptionXX.app/Base.lproj/LaunchScreen.nib
2019-05-24 13:51:47 +0000  copying file ./Payload/CodeceptionXX.app/FontAwesome.ttf ... 
2019-05-24 13:51:47 +0000  165548 bytes for ./Payload/CodeceptionXX.app/FontAwesome.ttf
copying file ./Payload/CodeceptionXX.app/Zocial.ttf ... 
2019-05-24 13:51:47 +0000  25552 bytes for ./Payload/CodeceptionXX.app/Zocial.ttf
copying file ./Payload/CodeceptionXX.app/Assets.car ... 
2019-05-24 13:51:47 +0000  707544 bytes for ./Payload/CodeceptionXX.app/Assets.car
copying file ./Payload/CodeceptionXX.app/EvilIcons.ttf ... 
2019-05-24 13:51:47 +0000  13456 bytes for ./Payload/CodeceptionXX.app/EvilIcons.ttf
copying file ./Payload/CodeceptionXX.app/main.jsbundle ... 
2019-05-24 13:51:48 +0000  1817605 bytes for ./Payload/CodeceptionXX.app/main.jsbundle
copying file ./Payload/CodeceptionXX.app/LaunchImage-700@2x.png ... 
2019-05-24 13:51:48 +0000  13711 bytes for ./Payload/CodeceptionXX.app/LaunchImage-700@2x.png
copying file ./Payload/CodeceptionXX.app/LaunchImage-700-568h@2x.png ... 
14394 bytes for ./Payload/CodeceptionXX.app/LaunchImage-700-568h@2x.png
copying file ./Payload/CodeceptionXX.app/SimpleLineIcons.ttf ... 
2019-05-24 13:51:48 +0000  54056 bytes for ./Payload/CodeceptionXX.app/SimpleLineIcons.ttf
copying file ./Payload/CodeceptionXX.app/embedded.mobileprovision ... 
2019-05-24 13:51:48 +0000  26814 bytes for ./Payload/CodeceptionXX.app/embedded.mobileprovision
copying file ./Payload/CodeceptionXX.app/CodeceptionXX ... 
2019-05-24 13:51:48 +0000  1855488 bytes for ./Payload/CodeceptionXX.app/CodeceptionXX
2019-05-24 13:51:48 +0000  copying file ./Payload/CodeceptionXX.app/assets/res/iconSpark@3x.png ... 
1832 bytes for ./Payload/CodeceptionXX.app/assets/res/iconSpark@3x.png
copying file ./Payload/CodeceptionXX.app/assets/res/iconSpark@2x.png ... 
1207 bytes for ./Payload/CodeceptionXX.app/assets/res/iconSpark@2x.png
copying file ./Payload/CodeceptionXX.app/assets/res/iconSpark.png ... 
596 bytes for ./Payload/CodeceptionXX.app/assets/res/iconSpark.png
2019-05-24 13:51:48 +0000  copying file ./Payload/CodeceptionXX.app/assets/node_modules/react-native-ratings/src/images/bell.png ... 
2019-05-24 13:51:48 +0000  2989 bytes for ./Payload/CodeceptionXX.app/assets/node_modules/react-native-ratings/src/images/bell.png
copying file ./Payload/CodeceptionXX.app/assets/node_modules/react-native-ratings/src/images/airbnb-star-selected.png ... 
2019-05-24 13:51:48 +0000  934 bytes for ./Payload/CodeceptionXX.app/assets/node_modules/react-native-ratings/src/images/airbnb-star-selected.png
2019-05-24 13:51:48 +0000  copying file ./Payload/CodeceptionXX.app/assets/node_modules/react-native-ratings/src/images/heart.png ... 
2019-05-24 13:51:48 +0000  1928 bytes for ./Payload/CodeceptionXX.app/assets/node_modules/react-native-ratings/src/images/heart.png
copying file ./Payload/CodeceptionXX.app/assets/node_modules/react-native-ratings/src/images/airbnb-star.png ... 
2019-05-24 13:51:48 +0000  930 bytes for ./Payload/CodeceptionXX.app/assets/node_modules/react-native-ratings/src/images/airbnb-star.png
copying file ./Payload/CodeceptionXX.app/assets/node_modules/react-native-ratings/src/images/rocket.png ... 
2019-05-24 13:51:48 +0000  4050 bytes for ./Payload/CodeceptionXX.app/assets/node_modules/react-native-ratings/src/images/rocket.png
copying file ./Payload/CodeceptionXX.app/assets/node_modules/react-native-ratings/src/images/star.png ... 
2019-05-24 13:51:48 +0000  1961 bytes for ./Payload/CodeceptionXX.app/assets/node_modules/react-native-ratings/src/images/star.png
2019-05-24 13:51:48 +0000  copying file ./Payload/CodeceptionXX.app/Info.plist ... 
2019-05-24 13:51:48 +0000  2002 bytes for ./Payload/CodeceptionXX.app/Info.plist
copying file ./Payload/CodeceptionXX.app/PkgInfo ... 
2019-05-24 13:51:48 +0000  8 bytes for ./Payload/CodeceptionXX.app/PkgInfo
copying file ./Payload/CodeceptionXX.app/MaterialIcons.ttf ... 
2019-05-24 13:51:48 +0000  128180 bytes for ./Payload/CodeceptionXX.app/MaterialIcons.ttf
2019-05-24 13:51:48 +0000  /usr/bin/ditto exited with 0
2019-05-24 13:51:48 +0000  Processing step: IDEDistributionAppStoreInformationStep
2019-05-24 13:51:48 +0000  Skipping step: IDEDistributionAppStoreInformationStep because it said so
2019-05-24 13:51:48 +0000  Processing step: IDEDistributionCreateManifestStep
